[1] loading ko, ja ...
    ko leaf: 33255
    ja leaf: 22175
    ko ∩ ja: 19453
[2] loading en ...
    en: leaf=25761 missing=2115
[2] loading es ...
    es: leaf=25756 missing=2115
[2] loading fr ...
    fr: leaf=25756 missing=2115
[2] loading th ...
    th: leaf=24330 missing=2625
[2] loading vi ...
    vi: leaf=25538 missing=2093
[2] loading id ...
    id: leaf=24309 missing=2687
[2] loading de ...
    de: leaf=23229 missing=2885
[2] loading zh-TW ...
    zh-TW: leaf=22750 missing=2736
[2] loading ar ...
    ar: leaf=15830 missing=4498
[2] loading hi ...
    hi: leaf=15829 missing=4498
[2] loading pt ...
    pt: leaf=15829 missing=4498
[2] loading ru ...
    ru: leaf=15829 missing=4498
[3] done. see s140_step1_summary.txt
