
> build
> vite build

[36mvite v7.3.1 [32mbuilding client environment for production...[36m[39m
transforming...
[32m✓[39m 1233 modules transformed.
rendering chunks...
computing gzip size...
[2mdist/[22m[32mindex.html                                         [39m[1m[2m    10.52 kB[22m[1m[22m[2m │ gzip:     3.47 kB[22m
[2mdist/[22m[35massets/index-D_ZK0CTW.css                          [39m[1m[2m   194.13 kB[22m[1m[22m[2m │ gzip:    22.87 kB[22m
[2mdist/[22m[36massets/web-D5DQWjQZ.js                             [39m[1m[2m     0.16 kB[22m[1m[22m[2m │ gzip:     0.15 kB[22m
[2mdist/[22m[36massets/Commerce-C5T2Q6er.js                        [39m[1m[2m     0.17 kB[22m[1m[22m[2m │ gzip:     0.16 kB[22m
[2mdist/[22m[36massets/SupplierPortal-BTukUmSt.js                  [39m[1m[2m     0.17 kB[22m[1m[22m[2m │ gzip:     0.16 kB[22m
[2mdist/[22m[36massets/index-C0A8Q1BZ.js                           [39m[1m[2m     0.34 kB[22m[1m[22m[2m │ gzip:     0.25 kB[22m
[2mdist/[22m[36massets/useVisibleTabs-CFAk1M-D.js                  [39m[1m[2m     0.36 kB[22m[1m[22m[2m │ gzip:     0.28 kB[22m
[2mdist/[22m[36massets/index-kKlFXdAo.js                           [39m[1m[2m     0.36 kB[22m[1m[22m[2m │ gzip:     0.26 kB[22m
[2mdist/[22m[36massets/subtabPaintFix-DAsTJv5y.js                  [39m[1m[2m     0.40 kB[22m[1m[22m[2m │ gzip:     0.28 kB[22m
[2mdist/[22m[36massets/index-CrGAPbhO.js                           [39m[1m[2m     0.40 kB[22m[1m[22m[2m │ gzip:     0.27 kB[22m
[2mdist/[22m[36massets/index-CWVbZI1A.js                           [39m[1m[2m     0.43 kB[22m[1m[22m[2m │ gzip:     0.27 kB[22m
[2mdist/[22m[36massets/planLimit-u_4gU_We.js                       [39m[1m[2m     0.67 kB[22m[1m[22m[2m │ gzip:     0.47 kB[22m
[2mdist/[22m[36massets/web-D5Z7ha2N.js                             [39m[1m[2m     0.71 kB[22m[1m[22m[2m │ gzip:     0.36 kB[22m
[2mdist/[22m[36massets/tabPlanPolicy-C--dXJQ0.js                   [39m[1m[2m     0.77 kB[22m[1m[22m[2m │ gzip:     0.38 kB[22m
[2mdist/[22m[36massets/CrossLinkBar-C9QOSkBi.js                    [39m[1m[2m     0.96 kB[22m[1m[22m[2m │ gzip:     0.61 kB[22m
[2mdist/[22m[36massets/useSecurityMonitor-GbkfneeW.js              [39m[1m[2m     1.21 kB[22m[1m[22m[2m │ gzip:     0.76 kB[22m
[2mdist/[22m[36massets/wmsApi-DoMY7mA3.js                          [39m[1m[2m     1.26 kB[22m[1m[22m[2m │ gzip:     0.49 kB[22m
[2mdist/[22m[36massets/pmApi-wkRiD94y.js                           [39m[1m[2m     1.36 kB[22m[1m[22m[2m │ gzip:     0.66 kB[22m
[2mdist/[22m[36massets/liveWebrtc-BqTT1As1.js                      [39m[1m[2m     1.67 kB[22m[1m[22m[2m │ gzip:     0.81 kB[22m
[2mdist/[22m[36massets/AvatarField-CbvnlPLn.js                     [39m[1m[2m     1.80 kB[22m[1m[22m[2m │ gzip:     1.13 kB[22m
[2mdist/[22m[36massets/ProductScopeNotice-C5SKWq4_.js              [39m[1m[2m     1.88 kB[22m[1m[22m[2m │ gzip:     0.97 kB[22m
[2mdist/[22m[36massets/channelRates-BDRTVA9u.js                    [39m[1m[2m     1.91 kB[22m[1m[22m[2m │ gzip:     0.69 kB[22m
[2mdist/[22m[36massets/UserMenuPreferences-hU8Gv0RC.js             [39m[1m[2m     2.00 kB[22m[1m[22m[2m │ gzip:     1.09 kB[22m
[2mdist/[22m[36massets/pmEventStream-CSb1rMDT.js                   [39m[1m[2m     2.33 kB[22m[1m[22m[2m │ gzip:     1.02 kB[22m
[2mdist/[22m[36massets/PaymentFail-BnfugkQo.js                     [39m[1m[2m     2.62 kB[22m[1m[22m[2m │ gzip:     1.07 kB[22m
[2mdist/[22m[36massets/PeriodFilterBar-B9m74cO-.js                 [39m[1m[2m     2.76 kB[22m[1m[22m[2m │ gzip:     1.28 kB[22m
[2mdist/[22m[36massets/PMResources-DMUUed7O.js                     [39m[1m[2m     3.04 kB[22m[1m[22m[2m │ gzip:     1.39 kB[22m
[2mdist/[22m[36massets/CardBillingGuide-D_R98iDK.js                [39m[1m[2m     3.12 kB[22m[1m[22m[2m │ gzip:     1.23 kB[22m
[2mdist/[22m[36massets/channelMeta-CysHvkY6.js                     [39m[1m[2m     3.59 kB[22m[1m[22m[2m │ gzip:     1.33 kB[22m
[2mdist/[22m[36massets/AIRecommendBanner-CVTTWxI_.js               [39m[1m[2m     3.85 kB[22m[1m[22m[2m │ gzip:     1.50 kB[22m
[2mdist/[22m[36massets/PolarChart-BMSR4OSs.js                      [39m[1m[2m     3.89 kB[22m[1m[22m[2m │ gzip:     1.73 kB[22m
[2mdist/[22m[36massets/TeamIntro-BHXIhvhQ.js                       [39m[1m[2m     3.91 kB[22m[1m[22m[2m │ gzip:     1.67 kB[22m
[2mdist/[22m[36massets/PMProjectDetail-S8EOcTDY.js                 [39m[1m[2m     3.91 kB[22m[1m[22m[2m │ gzip:     1.63 kB[22m
[2mdist/[22m[36massets/PMEvm-3P6CTtbc.js                           [39m[1m[2m     4.15 kB[22m[1m[22m[2m │ gzip:     1.90 kB[22m
[2mdist/[22m[36massets/AmazonRisk-BSEhqTEW.js                      [39m[1m[2m     4.46 kB[22m[1m[22m[2m │ gzip:     1.78 kB[22m
[2mdist/[22m[36massets/DbAdmin-JkZ1vwaj.js                         [39m[1m[2m     4.80 kB[22m[1m[22m[2m │ gzip:     2.07 kB[22m
[2mdist/[22m[36massets/PMOverview-uWJTJ0bL.js                      [39m[1m[2m     4.83 kB[22m[1m[22m[2m │ gzip:     2.07 kB[22m
[2mdist/[22m[36massets/PMTaskBoard-DLD08sqn.js                     [39m[1m[2m     4.83 kB[22m[1m[22m[2m │ gzip:     2.01 kB[22m
[2mdist/[22m[36massets/LiveGuest-B3McAWT1.js                       [39m[1m[2m     4.88 kB[22m[1m[22m[2m │ gzip:     2.24 kB[22m
[2mdist/[22m[36massets/LegalDocsAdmin-BvqU_wvK.js                  [39m[1m[2m     4.98 kB[22m[1m[22m[2m │ gzip:     2.22 kB[22m
[2mdist/[22m[36massets/getRadiusAndStrokeWidthFromDot-cjVy7J5g.js  [39m[1m[2m     5.11 kB[22m[1m[22m[2m │ gzip:     1.76 kB[22m
[2mdist/[22m[36massets/PaymentSuccess-CF8Eb9kB.js                  [39m[1m[2m     5.13 kB[22m[1m[22m[2m │ gzip:     2.13 kB[22m
[2mdist/[22m[36massets/ApprovalModal-CzR7dHXJ.js                   [39m[1m[2m     5.17 kB[22m[1m[22m[2m │ gzip:     2.04 kB[22m
[2mdist/[22m[36massets/PMRaid-BAQJMbtn.js                          [39m[1m[2m     5.27 kB[22m[1m[22m[2m │ gzip:     2.21 kB[22m
[2mdist/[22m[36massets/PMTaskDetail-DiHSLvp9.js                    [39m[1m[2m     5.42 kB[22m[1m[22m[2m │ gzip:     1.92 kB[22m
[2mdist/[22m[36massets/PMGanttView-D3d89C_q.js                     [39m[1m[2m     5.56 kB[22m[1m[22m[2m │ gzip:     1.96 kB[22m
[2mdist/[22m[36massets/CompanyIntro-DnVi-lhK.js                    [39m[1m[2m     5.62 kB[22m[1m[22m[2m │ gzip:     1.85 kB[22m
[2mdist/[22m[36massets/ProductFunnel-tlxSvlAO.js                   [39m[1m[2m     5.94 kB[22m[1m[22m[2m │ gzip:     2.70 kB[22m
[2mdist/[22m[36massets/PMPortfolio-Cv5WX2Rx.js                     [39m[1m[2m     6.01 kB[22m[1m[22m[2m │ gzip:     2.37 kB[22m
[2mdist/[22m[36massets/RulesEditorV2-hZZruQOs.js                   [39m[1m[2m     6.06 kB[22m[1m[22m[2m │ gzip:     2.45 kB[22m
[2mdist/[22m[36massets/PMActivity-Cocp5wwe.js                      [39m[1m[2m     6.11 kB[22m[1m[22m[2m │ gzip:     2.34 kB[22m
[2mdist/[22m[36massets/siteI18n-DHcnsdox.js                        [39m[1m[2m     6.45 kB[22m[1m[22m[2m │ gzip:     3.35 kB[22m
[2mdist/[22m[36massets/ChartUtils-BLEgC4fx.js                      [39m[1m[2m     6.63 kB[22m[1m[22m[2m │ gzip:     2.78 kB[22m
[2mdist/[22m[36massets/MyCoupons-Q2KcOXVK.js                       [39m[1m[2m     6.72 kB[22m[1m[22m[2m │ gzip:     2.50 kB[22m
[2mdist/[22m[36massets/MenuAccessManager-BltQQnvg.js               [39m[1m[2m     6.87 kB[22m[1m[22m[2m │ gzip:     2.97 kB[22m
[2mdist/[22m[36massets/Onboarding-Cyppc1g5.js                      [39m[1m[2m     7.20 kB[22m[1m[22m[2m │ gzip:     2.53 kB[22m
[2mdist/[22m[36massets/PMSettings-h7l1m6yw.js                      [39m[1m[2m     8.12 kB[22m[1m[22m[2m │ gzip:     2.76 kB[22m
[2mdist/[22m[36massets/string-TWnlhFNU.js                          [39m[1m[2m     8.12 kB[22m[1m[22m[2m │ gzip:     3.49 kB[22m
[2mdist/[22m[36massets/GuideWizard-_DBmxErD.js                     [39m[1m[2m     8.52 kB[22m[1m[22m[2m │ gzip:     3.12 kB[22m
[2mdist/[22m[36massets/PgConfig-VK-ZFwk3.js                        [39m[1m[2m     8.82 kB[22m[1m[22m[2m │ gzip:     3.42 kB[22m
[2mdist/[22m[36massets/Refund-Dz-rttVJ.js                          [39m[1m[2m     9.26 kB[22m[1m[22m[2m │ gzip:     2.94 kB[22m
[2mdist/[22m[36massets/PMTaskTable-y1YhxR2B.js                     [39m[1m[2m     9.41 kB[22m[1m[22m[2m │ gzip:     3.31 kB[22m
[2mdist/[22m[36massets/PMMilestones-DZ3gzeMj.js                    [39m[1m[2m     9.45 kB[22m[1m[22m[2m │ gzip:     3.22 kB[22m
[2mdist/[22m[36massets/Terms-BvWJ7-Xr.js                           [39m[1m[2m     9.48 kB[22m[1m[22m[2m │ gzip:     3.54 kB[22m
[2mdist/[22m[36massets/DataTrustDashboard-y8dx2fVs.js              [39m[1m[2m     9.60 kB[22m[1m[22m[2m │ gzip:     3.52 kB[22m
[2mdist/[22m[36massets/OperationsHub-SgTu5UBP.js                   [39m[1m[2m     9.62 kB[22m[1m[22m[2m │ gzip:     2.91 kB[22m
[2mdist/[22m[36massets/Line-DDKJ5XcZ.js                            [39m[1m[2m     9.79 kB[22m[1m[22m[2m │ gzip:     3.93 kB[22m
[2mdist/[22m[36massets/SystemMonitor-NtilaxUE.js                   [39m[1m[2m    10.16 kB[22m[1m[22m[2m │ gzip:     3.58 kB[22m
[2mdist/[22m[36massets/LegalDocRender-DRk_YHdI.js                  [39m[1m[2m    10.43 kB[22m[1m[22m[2m │ gzip:     3.52 kB[22m
[2mdist/[22m[36massets/ProductSelectBar-DAaFwtNX.js                [39m[1m[2m    10.65 kB[22m[1m[22m[2m │ gzip:     3.54 kB[22m
[2mdist/[22m[36massets/Privacy-Dl3lqpWl.js                         [39m[1m[2m    10.86 kB[22m[1m[22m[2m │ gzip:     3.41 kB[22m
[2mdist/[22m[36massets/SiteIntroAdmin-CUssgzeU.js                  [39m[1m[2m    10.99 kB[22m[1m[22m[2m │ gzip:     3.63 kB[22m
[2mdist/[22m[36massets/PartnerPortal-Bq2Huxj3.js                   [39m[1m[2m    11.45 kB[22m[1m[22m[2m │ gzip:     3.14 kB[22m
[2mdist/[22m[36massets/AIRuleEngine-CHxpIxHk.js                    [39m[1m[2m    11.88 kB[22m[1m[22m[2m │ gzip:     3.83 kB[22m
[2mdist/[22m[36massets/AreaChart-Kvj8Aq9O.js                       [39m[1m[2m    12.56 kB[22m[1m[22m[2m │ gzip:     4.56 kB[22m
[2mdist/[22m[36massets/SubAdminManager-MaqIq3dv.js                 [39m[1m[2m    12.99 kB[22m[1m[22m[2m │ gzip:     4.52 kB[22m
[2mdist/[22m[36massets/PieChart-taZSwZiX.js                        [39m[1m[2m    13.16 kB[22m[1m[22m[2m │ gzip:     4.57 kB[22m
[2mdist/[22m[36massets/TeamWorkspace-gYWR2SMj.js                   [39m[1m[2m    13.23 kB[22m[1m[22m[2m │ gzip:     4.61 kB[22m
[2mdist/[22m[36massets/PaymentMethods-CWGKiz6H.js                  [39m[1m[2m    13.77 kB[22m[1m[22m[2m │ gzip:     5.06 kB[22m
[2mdist/[22m[36massets/CaseStudy-DJP_d9yp.js                       [39m[1m[2m    13.97 kB[22m[1m[22m[2m │ gzip:     4.41 kB[22m
[2mdist/[22m[36massets/AdminMenuManager-BAQmBsE1.js                [39m[1m[2m    14.01 kB[22m[1m[22m[2m │ gzip:     4.68 kB[22m
[2mdist/[22m[36massets/guideSpecs-RN2aS2l2.js                      [39m[1m[2m    15.01 kB[22m[1m[22m[2m │ gzip:     5.56 kB[22m
[2mdist/[22m[36massets/FeedbackCenter-DPMb6XJv.js                  [39m[1m[2m    15.06 kB[22m[1m[22m[2m │ gzip:     4.77 kB[22m
[2mdist/[22m[36massets/PgTest-CPCASxK5.js                          [39m[1m[2m    16.32 kB[22m[1m[22m[2m │ gzip:     5.31 kB[22m
[2mdist/[22m[36massets/WhatsApp-Djj6x9JP.js                        [39m[1m[2m    16.53 kB[22m[1m[22m[2m │ gzip:     5.11 kB[22m
[2mdist/[22m[36massets/DemandForecast-B1E5Vdl0.js                  [39m[1m[2m    18.77 kB[22m[1m[22m[2m │ gzip:     5.81 kB[22m
[2mdist/[22m[36massets/HelpCenter-HHgZKkMJ.js                      [39m[1m[2m    19.76 kB[22m[1m[22m[2m │ gzip:     4.92 kB[22m
[2mdist/[22m[36massets/PremiumLayout-BzIh49Zk.js                   [39m[1m[2m    20.16 kB[22m[1m[22m[2m │ gzip:     8.02 kB[22m
[2mdist/[22m[36massets/MarketingAIPanel-D8rbvIOn.js                [39m[1m[2m    20.37 kB[22m[1m[22m[2m │ gzip:     6.42 kB[22m
[2mdist/[22m[36massets/LINEChannel-CZOH6Jnr.js                     [39m[1m[2m    20.69 kB[22m[1m[22m[2m │ gzip:     5.33 kB[22m
[2mdist/[22m[36massets/genieGlossary-DVNG47lQ.js                   [39m[1m[2m    22.01 kB[22m[1m[22m[2m │ gzip:     8.00 kB[22m
[2mdist/[22m[36massets/LicenseActivation-CDzKPHmw.js               [39m[1m[2m    22.82 kB[22m[1m[22m[2m │ gzip:     7.52 kB[22m
[2mdist/[22m[36massets/InstagramDM-JWN1SflH.js                     [39m[1m[2m    22.89 kB[22m[1m[22m[2m │ gzip:     6.76 kB[22m
[2mdist/[22m[36massets/MarketingMix-DO5gxKCl.js                    [39m[1m[2m    23.77 kB[22m[1m[22m[2m │ gzip:     7.76 kB[22m
[2mdist/[22m[36massets/ReportBuilder-Co5gVNA2.js                   [39m[1m[2m    23.84 kB[22m[1m[22m[2m │ gzip:     6.87 kB[22m
[2mdist/[22m[36massets/KrChannel-DuLsMzWx.js                       [39m[1m[2m    24.58 kB[22m[1m[22m[2m │ gzip:     7.39 kB[22m
[2mdist/[22m[36massets/BarChart-DqrV0__k.js                        [39m[1m[2m    24.64 kB[22m[1m[22m[2m │ gzip:     7.77 kB[22m
[2mdist/[22m[36massets/OnsiteCro-G044xkpl.js                       [39m[1m[2m    25.02 kB[22m[1m[22m[2m │ gzip:     7.85 kB[22m
[2mdist/[22m[36massets/AiDesignEngine-BByLgc_K.js                  [39m[1m[2m    25.27 kB[22m[1m[22m[2m │ gzip:     7.98 kB[22m
[2mdist/[22m[36massets/AdminGrowthCenter-CzHG0RKY.js               [39m[1m[2m    25.46 kB[22m[1m[22m[2m │ gzip:     7.01 kB[22m
[2mdist/[22m[36massets/Approvals-DLPGCfTL.js                       [39m[1m[2m    26.72 kB[22m[1m[22m[2m │ gzip:     7.42 kB[22m
[2mdist/[22m[36massets/KakaoChannel-BZZuBRsP.js                    [39m[1m[2m    28.69 kB[22m[1m[22m[2m │ gzip:     8.25 kB[22m
[2mdist/[22m[36massets/Audit-y91MvgtN.js                           [39m[1m[2m    28.85 kB[22m[1m[22m[2m │ gzip:     8.46 kB[22m
[2mdist/[22m[36massets/AccountPerformance-C7EY8fJB.js              [39m[1m[2m    29.79 kB[22m[1m[22m[2m │ gzip:     8.25 kB[22m
[2mdist/[22m[36massets/Admin-BCgnfV4c.js                           [39m[1m[2m    29.89 kB[22m[1m[22m[2m │ gzip:     8.58 kB[22m
[2mdist/[22m[36massets/DigitalShelf-Bbfdqg3f.js                    [39m[1m[2m    31.78 kB[22m[1m[22m[2m │ gzip:     9.31 kB[22m
[2mdist/[22m[36massets/AIInsights-CNFYiky2.js                      [39m[1m[2m    32.95 kB[22m[1m[22m[2m │ gzip:    10.39 kB[22m
[2mdist/[22m[36massets/UserManagement-CKwjDThL.js                  [39m[1m[2m    34.86 kB[22m[1m[22m[2m │ gzip:     9.33 kB[22m
[2mdist/[22m[36massets/BudgetTracker-BGAKdR9A.js                   [39m[1m[2m    35.97 kB[22m[1m[22m[2m │ gzip:     9.43 kB[22m
[2mdist/[22m[36massets/billingI18n-DptyQTs1.js                     [39m[1m[2m    37.80 kB[22m[1m[22m[2m │ gzip:    14.08 kB[22m
[2mdist/[22m[36massets/Writeback-DZGyGJai.js                       [39m[1m[2m    38.36 kB[22m[1m[22m[2m │ gzip:    10.50 kB[22m
[2mdist/[22m[36massets/DataProduct-D7sFt0DP.js                     [39m[1m[2m    39.33 kB[22m[1m[22m[2m │ gzip:     9.30 kB[22m
[2mdist/[22m[36massets/OmniChannel-C6MPNWc-.js                     [39m[1m[2m    42.05 kB[22m[1m[22m[2m │ gzip:    10.92 kB[22m
[2mdist/[22m[36massets/AiDesignManual-Dtctoj0B.js                  [39m[1m[2m    42.73 kB[22m[1m[22m[2m │ gzip:    18.08 kB[22m
[2mdist/[22m[36massets/DeveloperHub-DeDqaVfS.js                    [39m[1m[2m    43.61 kB[22m[1m[22m[2m │ gzip:    11.43 kB[22m
[2mdist/[22m[36massets/Reconciliation-CJ40dFsd.js                  [39m[1m[2m    45.03 kB[22m[1m[22m[2m │ gzip:    16.06 kB[22m
[2mdist/[22m[36massets/PnLDashboard-PqTkk-pi.js                    [39m[1m[2m    47.06 kB[22m[1m[22m[2m │ gzip:    12.77 kB[22m
[2mdist/[22m[36massets/CampaignManager-TG7EofuM.js                 [39m[1m[2m    47.36 kB[22m[1m[22m[2m │ gzip:    11.88 kB[22m
[2mdist/[22m[36massets/ContentCalendar-ymUiVIyH.js                 [39m[1m[2m    50.03 kB[22m[1m[22m[2m │ gzip:    19.54 kB[22m
[2mdist/[22m[36massets/OrderHub-M097QiLs.js                        [39m[1m[2m    50.45 kB[22m[1m[22m[2m │ gzip:    13.26 kB[22m
[2mdist/[22m[36massets/Settlements-DquoNdAW.js                     [39m[1m[2m    52.65 kB[22m[1m[22m[2m │ gzip:    18.46 kB[22m
[2mdist/[22m[36massets/CreativeStudioTab-BR2IHWWv.js               [39m[1m[2m    53.05 kB[22m[1m[22m[2m │ gzip:    14.49 kB[22m
[2mdist/[22m[36massets/DataSchema-Cf6EzMQq.js                      [39m[1m[2m    54.90 kB[22m[1m[22m[2m │ gzip:    17.88 kB[22m
[2mdist/[22m[36massets/PricingPublic-AiUpChyt.js                   [39m[1m[2m    54.96 kB[22m[1m[22m[2m │ gzip:    19.30 kB[22m
[2mdist/[22m[36massets/PixelTracking-4yPqo5QT.js                   [39m[1m[2m    55.01 kB[22m[1m[22m[2m │ gzip:    17.82 kB[22m
[2mdist/[22m[36massets/EmailMarketing-BdnITnIp.js                  [39m[1m[2m    56.09 kB[22m[1m[22m[2m │ gzip:    15.68 kB[22m
[2mdist/[22m[36massets/GraphScore-BPDGCbme.js                      [39m[1m[2m    60.27 kB[22m[1m[22m[2m │ gzip:    20.24 kB[22m
[2mdist/[22m[36massets/AIDesignChat-DSxVkwN9.js                    [39m[1m[2m    62.17 kB[22m[1m[22m[2m │ gzip:    23.34 kB[22m
[2mdist/[22m[36massets/WebPopup-CxHO2DsQ.js                        [39m[1m[2m    62.41 kB[22m[1m[22m[2m │ gzip:    22.72 kB[22m
[2mdist/[22m[36massets/AIRecommendTab-Dcy_wtAg.js                  [39m[1m[2m    63.19 kB[22m[1m[22m[2m │ gzip:    18.47 kB[22m
[2mdist/[22m[36massets/ReviewsUGC-DRjSfoVc.js                      [39m[1m[2m    63.77 kB[22m[1m[22m[2m │ gzip:    21.85 kB[22m
[2mdist/[22m[36massets/TeamMembers-CHObQ_K9.js                     [39m[1m[2m    71.60 kB[22m[1m[22m[2m │ gzip:    19.51 kB[22m
[2mdist/[22m[36massets/LiveCommerce-C3Fz7wAb.js                    [39m[1m[2m    72.11 kB[22m[1m[22m[2m │ gzip:    21.38 kB[22m
[2mdist/[22m[36massets/ChannelKPI-BJLpv8T1.js                      [39m[1m[2m    72.38 kB[22m[1m[22m[2m │ gzip:    22.20 kB[22m
[2mdist/[22m[36massets/CRM-Cyn7y41U.js                             [39m[1m[2m    72.69 kB[22m[1m[22m[2m │ gzip:    19.84 kB[22m
[2mdist/[22m[36massets/SmsMarketing-gt2v4GdP.js                    [39m[1m[2m    74.41 kB[22m[1m[22m[2m │ gzip:    26.38 kB[22m
[2mdist/[22m[36massets/Marketing-CjLBYO_X.js                       [39m[1m[2m    77.59 kB[22m[1m[22m[2m │ gzip:    20.31 kB[22m
[2mdist/[22m[36massets/PerformanceHub-laQO2ECf.js                  [39m[1m[2m    85.88 kB[22m[1m[22m[2m │ gzip:    26.53 kB[22m
[2mdist/[22m[36massets/JourneyBuilder-9amdW2CH.js                  [39m[1m[2m    86.19 kB[22m[1m[22m[2m │ gzip:    22.68 kB[22m
[2mdist/[22m[36massets/AutoMarketing-BIOQDCOc.js                   [39m[1m[2m    93.33 kB[22m[1m[22m[2m │ gzip:    25.02 kB[22m
[2mdist/[22m[36massets/SupplyChain-2TQxSLDI.js                     [39m[1m[2m    94.85 kB[22m[1m[22m[2m │ gzip:    23.69 kB[22m
[2mdist/[22m[36massets/Attribution-DP51T4gP.js                     [39m[1m[2m    97.16 kB[22m[1m[22m[2m │ gzip:    26.15 kB[22m
[2mdist/[22m[36massets/CatalogSync-HqmAbUlQ.js                     [39m[1m[2m   102.51 kB[22m[1m[22m[2m │ gzip:    24.03 kB[22m
[2mdist/[22m[36massets/PlanPricing-DHIGPkQx.js                     [39m[1m[2m   104.90 kB[22m[1m[22m[2m │ gzip:    28.51 kB[22m
[2mdist/[22m[36massets/ReturnsPortal--gIt4Dz2.js                   [39m[1m[2m   106.75 kB[22m[1m[22m[2m │ gzip:    31.19 kB[22m
[2mdist/[22m[36massets/InfluencerUGC-BV6SPYIS.js                   [39m[1m[2m   111.51 kB[22m[1m[22m[2m │ gzip:    32.37 kB[22m
[2mdist/[22m[36massets/WmsManager-djQEbKUN.js                      [39m[1m[2m   143.33 kB[22m[1m[22m[2m │ gzip:    36.40 kB[22m
[2mdist/[22m[36massets/RollupDashboard-Dfpw5Ceb.js                 [39m[1m[2m   156.68 kB[22m[1m[22m[2m │ gzip:    47.58 kB[22m
[2mdist/[22m[36massets/PriceOpt-DPjPIG0W.js                        [39m[1m[2m   197.42 kB[22m[1m[22m[2m │ gzip:    55.14 kB[22m
[2mdist/[22m[36massets/Landing-B4AsyO9J.js                         [39m[1m[2m   201.67 kB[22m[1m[22m[2m │ gzip:    76.77 kB[22m
[2mdist/[22m[36massets/CartesianChart-BbazUlXv.js                  [39m[1m[2m   333.70 kB[22m[1m[22m[2m │ gzip:    99.44 kB[22m
[2mdist/[22m[36massets/Dashboard-BtT4K7nk.js                       [39m[1m[2m   406.18 kB[22m[1m[22m[2m │ gzip:   128.60 kB[22m
[2mdist/[22m[36massets/xlsx-CNerDvZX.js                            [39m[1m[2m   429.19 kB[22m[1m[22m[2m │ gzip:   142.94 kB[22m
[2mdist/[22m[36massets/ApiKeys-rP2WPwWv.js                         [39m[1m[2m   637.45 kB[22m[1m[22m[2m │ gzip:   146.04 kB[22m
[2mdist/[22m[36massets/index-B9gTo8lq.js                           [39m[1m[2m   897.24 kB[22m[1m[22m[2m │ gzip:   279.10 kB[22m
[2mdist/[22m[36massets/i18n-locales-Cv8Dx3SS.js                    [39m[1m[33m13,505.51 kB[39m[22m[2m │ gzip: 4,152.63 kB[22m
[33m
(!) Some chunks are larger than 2000 kB after minification. Consider:
- Using dynamic import() to code-split the application
- Use build.rollupOptions.output.manualChunks to improve chunking: https://rollupjs.org/configuration-options/#output-manualchunks
- Adjust chunk size limit for this warning via build.chunkSizeWarningLimit.[39m
[32m✓ built in 46.78s[39m
